<?xml version="1.0" encoding="UTF-8"?>
<testsuite xmlns:xsi="http://www.w3.org/2001/XMLSchema-instance" xsi:noNamespaceSchemaLocation="https://maven.apache.org/surefire/maven-surefire-plugin/xsd/surefire-test-report.xsd" name="com.ethanharv.plugins.AppTest" time="0.027" tests="1" errors="0" skipped="0" failures="0">
  <properties>
    <property name="sun.desktop" value="windows"/>
    <property name="awt.toolkit" value="sun.awt.windows.WToolkit"/>
    <property name="file.encoding.pkg" value="sun.io"/>
    <property name="java.specification.version" value="1.8"/>
    <property name="sun.cpu.isalist" value="amd64"/>
    <property name="sun.jnu.encoding" value="Cp1252"/>
    <property name="java.class.path" value="c:\Users\Zonee\Documents\#Files\CODE\#EthanHarv\Miscellaneous\Plugins\Files\MinecraftRush\target\test-classes;c:\Users\Zonee\Documents\#Files\CODE\#EthanHarv\Miscellaneous\Plugins\Files\MinecraftRush\target\classes;C:\Users\Zonee\.m2\repository\junit\junit\4.11\junit-4.11.jar;C:\Users\Zonee\.m2\repository\org\hamcrest\hamcrest-core\1.3\hamcrest-core-1.3.jar;C:\Users\Zonee\.m2\repository\org\spigotmc\spigot-api\1.12.2-R0.1-SNAPSHOT\spigot-api-1.12.2-R0.1-SNAPSHOT.jar;C:\Users\Zonee\.m2\repository\commons-lang\commons-lang\2.6\commons-lang-2.6.jar;C:\Users\Zonee\.m2\repository\com\googlecode\json-simple\json-simple\1.1.1\json-simple-1.1.1.jar;C:\Users\Zonee\.m2\repository\com\google\guava\guava\21.0\guava-21.0.jar;C:\Users\Zonee\.m2\repository\com\google\code\gson\gson\2.8.0\gson-2.8.0.jar;C:\Users\Zonee\.m2\repository\org\yaml\snakeyaml\1.19\snakeyaml-1.19.jar;C:\Users\Zonee\.m2\repository\net\md-5\bungeecord-chat\1.12-SNAPSHOT\bungeecord-chat-1.12-SNAPSHOT.jar;"/>
    <property name="java.vm.vendor" value=""/>
    <property name="sun.arch.data.model" value="64"/>
    <property name="user.variant" value=""/>
    <property name="java.vendor.url" value="http://java.oracle.com/"/>
    <property name="user.timezone" value="America/Chicago"/>
    <property name="java.vm.specification.version" value="1.8"/>
    <property name="os.name" value="Windows 10"/>
    <property name="user.country" value="US"/>
    <property name="sun.java.launcher" value="SUN_STANDARD"/>
    <property name="sun.boot.library.path" value="C:\Users\Zonee\AppData\Local\Programs\AdoptOpenJDK\jre\bin"/>
    <property name="sun.java.command" value="C:\Users\Zonee\AppData\Local\Temp\surefire5422517641843588509\surefirebooter3557477173889324787.jar C:\Users\Zonee\AppData\Local\Temp\surefire5422517641843588509 2019-12-11T19-49-40_334-jvmRun1 surefire2966759722506662102tmp surefire_08204450560760404396tmp"/>
    <property name="surefire.test.class.path" value="c:\Users\Zonee\Documents\#Files\CODE\#EthanHarv\Miscellaneous\Plugins\Files\MinecraftRush\target\test-classes;c:\Users\Zonee\Documents\#Files\CODE\#EthanHarv\Miscellaneous\Plugins\Files\MinecraftRush\target\classes;C:\Users\Zonee\.m2\repository\junit\junit\4.11\junit-4.11.jar;C:\Users\Zonee\.m2\repository\org\hamcrest\hamcrest-core\1.3\hamcrest-core-1.3.jar;C:\Users\Zonee\.m2\repository\org\spigotmc\spigot-api\1.12.2-R0.1-SNAPSHOT\spigot-api-1.12.2-R0.1-SNAPSHOT.jar;C:\Users\Zonee\.m2\repository\commons-lang\commons-lang\2.6\commons-lang-2.6.jar;C:\Users\Zonee\.m2\repository\com\googlecode\json-simple\json-simple\1.1.1\json-simple-1.1.1.jar;C:\Users\Zonee\.m2\repository\com\google\guava\guava\21.0\guava-21.0.jar;C:\Users\Zonee\.m2\repository\com\google\code\gson\gson\2.8.0\gson-2.8.0.jar;C:\Users\Zonee\.m2\repository\org\yaml\snakeyaml\1.19\snakeyaml-1.19.jar;C:\Users\Zonee\.m2\repository\net\md-5\bungeecord-chat\1.12-SNAPSHOT\bungeecord-chat-1.12-SNAPSHOT.jar;"/>
    <property name="sun.cpu.endian" value="little"/>
    <property name="user.home" value="C:\Users\Zonee"/>
    <property name="user.language" value="en"/>
    <property name="java.specification.vendor" value="Oracle Corporation"/>
    <property name="java.home" value="C:\Users\Zonee\AppData\Local\Programs\AdoptOpenJDK\jre"/>
    <property name="basedir" value="c:\Users\Zonee\Documents\#Files\CODE\#EthanHarv\Miscellaneous\Plugins\Files\MinecraftRush"/>
    <property name="file.separator" value="\"/>
    <property name="line.separator" value="&#10;"/>
    <property name="java.vm.specification.vendor" value="Oracle Corporation"/>
    <property name="java.specification.name" value="Java Platform API Specification"/>
    <property name="java.awt.graphicsenv" value="sun.awt.Win32GraphicsEnvironment"/>
    <property name="surefire.real.class.path" value="C:\Users\Zonee\AppData\Local\Temp\surefire5422517641843588509\surefirebooter3557477173889324787.jar"/>
    <property name="sun.boot.class.path" value="C:\Users\Zonee\AppData\Local\Programs\AdoptOpenJDK\jre\lib\resources.jar;C:\Users\Zonee\AppData\Local\Programs\AdoptOpenJDK\jre\lib\rt.jar;C:\Users\Zonee\AppData\Local\Programs\AdoptOpenJDK\jre\lib\sunrsasign.jar;C:\Users\Zonee\AppData\Local\Programs\AdoptOpenJDK\jre\lib\jsse.jar;C:\Users\Zonee\AppData\Local\Programs\AdoptOpenJDK\jre\lib\jce.jar;C:\Users\Zonee\AppData\Local\Programs\AdoptOpenJDK\jre\lib\charsets.jar;C:\Users\Zonee\AppData\Local\Programs\AdoptOpenJDK\jre\lib\jfr.jar;C:\Users\Zonee\AppData\Local\Programs\AdoptOpenJDK\jre\classes"/>
    <property name="user.script" value=""/>
    <property name="sun.management.compiler" value="HotSpot 64-Bit Tiered Compilers"/>
    <property name="java.runtime.version" value="1.8.0_232-b09"/>
    <property name="user.name" value="Zonee"/>
    <property name="path.separator" value=";"/>
    <property name="os.version" value="10.0"/>
    <property name="java.endorsed.dirs" value="C:\Users\Zonee\AppData\Local\Programs\AdoptOpenJDK\jre\lib\endorsed"/>
    <property name="java.runtime.name" value="OpenJDK Runtime Environment"/>
    <property name="file.encoding" value="Cp1252"/>
    <property name="java.vm.name" value="OpenJDK 64-Bit Server VM"/>
    <property name="localRepository" value="C:\Users\Zonee\.m2\repository"/>
    <property name="java.vendor.url.bug" value="http://bugreport.sun.com/bugreport/"/>
    <property name="java.io.tmpdir" value="C:\Users\Zonee\AppData\Local\Temp\"/>
    <property name="java.version" value="1.8.0_232"/>
    <property name="user.dir" value="c:\Users\Zonee\Documents\#Files\CODE\#EthanHarv\Miscellaneous\Plugins\Files\MinecraftRush"/>
    <property name="os.arch" value="amd64"/>
    <property name="java.vm.specification.name" value="Java Virtual Machine Specification"/>
    <property name="java.awt.printerjob" value="sun.awt.windows.WPrinterJob"/>
    <property name="sun.os.patch.level" value=""/>
    <property name="java.library.path" value="C:\Users\Zonee\AppData\Local\Programs\AdoptOpenJDK\jre\bin;C:\Windows\Sun\Java\bin;C:\Windows\system32;C:\Windows;C:\Users\Zonee\Anaconda3\condabin;C:\Program Files\Oculus\Support\oculus-runtime;C:\Program Files (x86)\Common Files\Oracle\Java\javapath;C:\Program Files (x86)\Razer Chroma SDK\bin;C:\Program Files\Razer Chroma SDK\bin;C:\Program Files (x86)\Razer\ChromaBroadcast\bin;C:\Program Files\Razer\ChromaBroadcast\bin;C:\Program Files (x86)\Common Files\Intel\Shared Libraries\redist\intel64\compiler;C:\Windows\system32;C:\Windows;C:\Windows\System32\Wbem;C:\Windows\System32\WindowsPowerShell\v1.0\;C:\Windows\System32\OpenSSH\;C:\Program Files\dotnet\;C:\Users\Zonee\AppData\Local\Microsoft\WindowsApps;C:\Users\Zonee\.dotnet\tools;C:\Program Files\Git\cmd;C:\Program Files\PuTTY\;C:\Program Files\nodejs\;C:\Program Files (x86)\NVIDIA Corporation\PhysX\Common;C:\Program Files\NVIDIA Corporation\NVIDIA NvDLISR;C:\Users\Zonee\AppData\Local\Programs\AdoptOpenJDK\bin;C:\Users\Zonee\Documents\#Files\CODE\ffmpeg-20190709-5a481b1-win64-static\bin;C:\Windows;C:\Windows;C:\Windows;C:\Windows;C:\Windows;C:\Windows;C:\Windows;C:\Windows;C:\Windows;C:\Windows;C:\Program Files (x86)\Common Files\Oracle\Java\javapath;C:\Program Files (x86)\Razer Chroma SDK\bin;C:\Program Files\Razer Chroma SDK\bin;C:\Program Files (x86)\Razer\ChromaBroadcast\bin;C:\Program Files\Razer\ChromaBroadcast\bin;C:\Program Files (x86)\Common Files\Intel\Shared Libraries\redist\intel64\compiler;C:\Windows\system32;C:\Windows;C:\Windows\System32\Wbem;C:\Windows\System32\WindowsPowerShell\v1.0\;C:\Windows\System32\OpenSSH\;C:\Program Files\dotnet\;C:\Users\Zonee\AppData\Local\Microsoft\WindowsApps;C:\Users\Zonee\.dotnet\tools;C:\Program Files\Git\cmd;C:\Program Files\PuTTY\;C:\Program Files\nodejs\;C:\Users\Zonee\AppData\Local\Programs\Python\Python37-32\Scripts\;C:\Users\Zonee\AppData\Local\Programs\Python\Python37-32\;C:\Users\Zonee\AppData\Local\Microsoft\WindowsApps;C:\Users\Zonee\AppData\Local\Programs\M;C:\Users\Zonee\AppData\Local\Programs\Microsoft VS Code\bin;."/>
    <property name="java.vm.info" value="mixed mode"/>
    <property name="java.vendor" value="AdoptOpenJDK"/>
    <property name="java.vm.version" value="25.232-b09"/>
    <property name="java.ext.dirs" value="C:\Users\Zonee\AppData\Local\Programs\AdoptOpenJDK\jre\lib\ext;C:\Windows\Sun\Java\lib\ext"/>
    <property name="sun.io.unicode.encoding" value="UnicodeLittle"/>
    <property name="java.class.version" value="52.0"/>
  </properties>
  <testcase name="shouldAnswerWithTrue" classname="com.ethanharv.plugins.AppTest" time="0.002"/>
</testsuite>